#! /c/Source/iverilog-install/bin/vvp
:ivl_version "12.0 (devel)" "(s20150603-1539-g2693dd32b)";
:ivl_delay_selection "TYPICAL";
:vpi_time_precision + 0;
:vpi_module "C:\iverilog\lib\ivl\system.vpi";
:vpi_module "C:\iverilog\lib\ivl\vhdl_sys.vpi";
:vpi_module "C:\iverilog\lib\ivl\vhdl_textio.vpi";
:vpi_module "C:\iverilog\lib\ivl\v2005_math.vpi";
:vpi_module "C:\iverilog\lib\ivl\va_math.vpi";
S_0000023ca7542ae0 .scope module, "sumador4" "sumador4" 2 9;
 .timescale 0 0;
    .port_info 0 /INPUT 1 "CLK";
    .port_info 1 /INPUT 1 "ENB";
    .port_info 2 /INPUT 1 "RCI";
    .port_info 3 /INPUT 2 "MODO";
    .port_info 4 /INPUT 4 "A";
    .port_info 5 /INPUT 4 "B";
    .port_info 6 /OUTPUT 4 "Q";
    .port_info 7 /OUTPUT 1 "RCO";
o0000023ca7577008 .functor BUFZ 4, C4<zzzz>; HiZ drive
L_0000023ca7543380 .functor NOT 4, o0000023ca7577008, C4<0000>, C4<0000>, C4<0000>;
o0000023ca7576fd8 .functor BUFZ 4, C4<zzzz>; HiZ drive
v0000023ca7543160_0 .net "A", 3 0, o0000023ca7576fd8;  0 drivers
v0000023ca7542c70_0 .net "B", 3 0, o0000023ca7577008;  0 drivers
o0000023ca7577038 .functor BUFZ 1, C4<z>; HiZ drive
v0000023ca7542d10_0 .net "CLK", 0 0, o0000023ca7577038;  0 drivers
o0000023ca7577068 .functor BUFZ 1, C4<z>; HiZ drive
v0000023ca7542db0_0 .net "ENB", 0 0, o0000023ca7577068;  0 drivers
o0000023ca7577098 .functor BUFZ 2, C4<zz>; HiZ drive
v0000023ca7542e50_0 .net "MODO", 1 0, o0000023ca7577098;  0 drivers
v0000023ca7542ef0_0 .var "Q", 3 0;
o0000023ca75770f8 .functor BUFZ 1, C4<z>; HiZ drive
v0000023ca75bbc50_0 .net "RCI", 0 0, o0000023ca75770f8;  0 drivers
v0000023ca75bbcf0_0 .var "RCO", 0 0;
v0000023ca75bbd90_0 .net *"_ivl_0", 3 0, L_0000023ca7543380;  1 drivers
L_0000023ca75bc0b8 .functor BUFT 1, C4<0001>, C4<0>, C4<0>, C4<0>;
v0000023ca75bbe30_0 .net/2u *"_ivl_2", 3 0, L_0000023ca75bc0b8;  1 drivers
v0000023ca75bbed0_0 .net *"_ivl_4", 3 0, L_0000023ca7574370;  1 drivers
v0000023ca75bbf70_0 .net "compB", 0 0, L_0000023ca75738d0;  1 drivers
o0000023ca7577218 .functor BUFZ 4, C4<zzzz>; HiZ drive
v0000023ca75bc010_0 .net "negB", 3 0, o0000023ca7577218;  0 drivers
E_0000023ca7668aa0 .event posedge, v0000023ca7542d10_0;
L_0000023ca7574370 .arith/sum 4, L_0000023ca7543380, L_0000023ca75bc0b8;
L_0000023ca75738d0 .part L_0000023ca7574370, 0, 1;
    .scope S_0000023ca7542ae0;
T_0 ;
    %wait E_0000023ca7668aa0;
    %load/vec4 v0000023ca7542db0_0;
    %flag_set/vec4 8;
    %jmp/0xz  T_0.0, 8;
    %load/vec4 v0000023ca7542e50_0;
    %load/vec4 v0000023ca75bbc50_0;
    %concat/vec4; draw_concat_vec4
    %dup/vec4;
    %pushi/vec4 1, 1, 3;
    %cmp/u;
    %jmp/1 T_0.2, 6;
    %dup/vec4;
    %pushi/vec4 2, 0, 3;
    %cmp/u;
    %jmp/1 T_0.3, 6;
    %dup/vec4;
    %pushi/vec4 3, 0, 3;
    %cmp/u;
    %jmp/1 T_0.4, 6;
    %dup/vec4;
    %pushi/vec4 5, 1, 3;
    %cmp/u;
    %jmp/1 T_0.5, 6;
    %dup/vec4;
    %pushi/vec4 7, 1, 3;
    %cmp/u;
    %jmp/1 T_0.6, 6;
    %jmp T_0.7;
T_0.2 ;
    %load/vec4 v0000023ca7542ef0_0;
    %assign/vec4 v0000023ca7542ef0_0, 0;
    %jmp T_0.7;
T_0.3 ;
    %load/vec4 v0000023ca7543160_0;
    %load/vec4 v0000023ca7542c70_0;
    %add;
    %assign/vec4 v0000023ca7542ef0_0, 0;
    %load/vec4 v0000023ca7543160_0;
    %parti/s 1, 3, 3;
    %load/vec4 v0000023ca7542c70_0;
    %parti/s 1, 3, 3;
    %and;
    %store/vec4 v0000023ca75bbcf0_0, 0, 1;
    %jmp T_0.7;
T_0.4 ;
    %load/vec4 v0000023ca7543160_0;
    %load/vec4 v0000023ca7542c70_0;
    %add;
    %addi 1, 0, 4;
    %assign/vec4 v0000023ca7542ef0_0, 0;
    %jmp T_0.7;
T_0.5 ;
    %load/vec4 v0000023ca7543160_0;
    %load/vec4 v0000023ca75bc010_0;
    %add;
    %assign/vec4 v0000023ca7542ef0_0, 0;
    %load/vec4 v0000023ca7543160_0;
    %parti/s 1, 3, 3;
    %load/vec4 v0000023ca75bc010_0;
    %parti/s 1, 3, 3;
    %and;
    %store/vec4 v0000023ca75bbcf0_0, 0, 1;
    %jmp T_0.7;
T_0.6 ;
    %pushi/vec4 0, 0, 4;
    %assign/vec4 v0000023ca7542ef0_0, 0;
    %jmp T_0.7;
T_0.7 ;
    %pop/vec4 1;
T_0.0 ;
    %jmp T_0;
    .thread T_0;
# The file index is used to find the file name in the following table.
:file_names 3;
    "N/A";
    "<interactive>";
    "sumador4.v";
