#! /c/Source/iverilog-install/bin/vvp
:ivl_version "12.0 (devel)" "(s20150603-1539-g2693dd32b)";
:ivl_delay_selection "TYPICAL";
:vpi_time_precision + 0;
:vpi_module "C:\iverilog\lib\ivl\system.vpi";
:vpi_module "C:\iverilog\lib\ivl\vhdl_sys.vpi";
:vpi_module "C:\iverilog\lib\ivl\vhdl_textio.vpi";
:vpi_module "C:\iverilog\lib\ivl\v2005_math.vpi";
:vpi_module "C:\iverilog\lib\ivl\va_math.vpi";
S_000001ea0e14ad80 .scope module, "me" "me" 2 5;
 .timescale 0 0;
    .port_info 0 /INPUT 1 "ARRANQUE";
    .port_info 1 /INPUT 1 "MODO";
    .port_info 2 /INPUT 1 "REINICIO";
    .port_info 3 /INPUT 1 "CLK";
    .port_info 4 /OUTPUT 1 "MOTOR1";
    .port_info 5 /OUTPUT 1 "MOTOR2";
P_000001ea0e162af0 .param/l "ELECTRICO" 0 2 13, C4<0100>;
P_000001ea0e162b28 .param/l "FIN" 0 2 14, C4<1000>;
P_000001ea0e162b60 .param/l "GAS" 0 2 12, C4<0010>;
P_000001ea0e162b98 .param/l "INICIO" 0 2 11, C4<0001>;
o000001ea0e19bfd8 .functor BUFZ 1, C4<z>; HiZ drive
v000001ea0e163390_0 .net "ARRANQUE", 0 0, o000001ea0e19bfd8;  0 drivers
v000001ea0e14af10_0 .var "BATERIA", 31 0;
o000001ea0e19c038 .functor BUFZ 1, C4<z>; HiZ drive
v000001ea0e162be0_0 .net "CLK", 0 0, o000001ea0e19c038;  0 drivers
v000001ea0e162c80_0 .var "ESTADO", 3 0;
o000001ea0e19c098 .functor BUFZ 1, C4<z>; HiZ drive
v000001ea0e162d20_0 .net "MODO", 0 0, o000001ea0e19c098;  0 drivers
v000001ea0e162dc0_0 .var "MOTOR1", 0 0;
v000001ea0e162e60_0 .var "MOTOR2", 0 0;
v000001ea0e193c10_0 .var "PROX_ESTADO", 3 0;
o000001ea0e19c158 .functor BUFZ 1, C4<z>; HiZ drive
v000001ea0e193cb0_0 .net "REINICIO", 0 0, o000001ea0e19c158;  0 drivers
v000001ea0e193d50_0 .var "TANQUE", 31 0;
E_000001ea0e199fa0 .event anyedge, v000001ea0e162c80_0;
E_000001ea0e199fe0/0 .event anyedge, v000001ea0e162c80_0, v000001ea0e163390_0, v000001ea0e162d20_0, v000001ea0e193d50_0;
E_000001ea0e199fe0/1 .event anyedge, v000001ea0e14af10_0;
E_000001ea0e199fe0 .event/or E_000001ea0e199fe0/0, E_000001ea0e199fe0/1;
E_000001ea0e19a660 .event posedge, v000001ea0e162be0_0;
    .scope S_000001ea0e14ad80;
T_0 ;
    %pushi/vec4 0, 0, 32;
    %store/vec4 v000001ea0e14af10_0, 0, 32;
    %pushi/vec4 0, 0, 32;
    %store/vec4 v000001ea0e193d50_0, 0, 32;
    %end;
    .thread T_0;
    .scope S_000001ea0e14ad80;
T_1 ;
    %wait E_000001ea0e19a660;
    %load/vec4 v000001ea0e193cb0_0;
    %flag_set/vec4 8;
    %jmp/0xz  T_1.0, 8;
    %pushi/vec4 1, 0, 4;
    %assign/vec4 v000001ea0e162c80_0, 0;
    %pushi/vec4 0, 0, 32;
    %assign/vec4 v000001ea0e14af10_0, 0;
    %pushi/vec4 0, 0, 32;
    %assign/vec4 v000001ea0e193d50_0, 0;
    %jmp T_1.1;
T_1.0 ;
    %load/vec4 v000001ea0e193c10_0;
    %assign/vec4 v000001ea0e162c80_0, 0;
T_1.1 ;
    %jmp T_1;
    .thread T_1;
    .scope S_000001ea0e14ad80;
T_2 ;
    %wait E_000001ea0e199fe0;
    %load/vec4 v000001ea0e162c80_0;
    %dup/vec4;
    %pushi/vec4 1, 0, 4;
    %cmp/u;
    %jmp/1 T_2.0, 6;
    %dup/vec4;
    %pushi/vec4 2, 0, 4;
    %cmp/u;
    %jmp/1 T_2.1, 6;
    %dup/vec4;
    %pushi/vec4 4, 0, 4;
    %cmp/u;
    %jmp/1 T_2.2, 6;
    %dup/vec4;
    %pushi/vec4 8, 0, 4;
    %cmp/u;
    %jmp/1 T_2.3, 6;
    %jmp T_2.4;
T_2.0 ;
    %load/vec4 v000001ea0e163390_0;
    %load/vec4 v000001ea0e162d20_0;
    %concat/vec4; draw_concat_vec4
    %dup/vec4;
    %pushi/vec4 3, 0, 2;
    %cmp/u;
    %jmp/1 T_2.5, 6;
    %dup/vec4;
    %pushi/vec4 2, 0, 2;
    %cmp/u;
    %jmp/1 T_2.6, 6;
    %pushi/vec4 1, 0, 4;
    %store/vec4 v000001ea0e193c10_0, 0, 4;
    %jmp T_2.8;
T_2.5 ;
    %pushi/vec4 2, 0, 4;
    %store/vec4 v000001ea0e193c10_0, 0, 4;
    %jmp T_2.8;
T_2.6 ;
    %pushi/vec4 4, 0, 4;
    %store/vec4 v000001ea0e193c10_0, 0, 4;
    %jmp T_2.8;
T_2.8 ;
    %pop/vec4 1;
    %jmp T_2.4;
T_2.1 ;
    %load/vec4 v000001ea0e193d50_0;
    %cmpi/e 15, 0, 32;
    %flag_mov 8, 4;
    %jmp/0 T_2.9, 8;
    %pushi/vec4 8, 0, 4;
    %jmp/1 T_2.10, 8;
T_2.9 ; End of true expr.
    %pushi/vec4 2, 0, 4;
    %jmp/0 T_2.10, 8;
 ; End of false expr.
    %blend;
T_2.10;
    %store/vec4 v000001ea0e193c10_0, 0, 4;
    %jmp T_2.4;
T_2.2 ;
    %load/vec4 v000001ea0e14af10_0;
    %cmpi/e 20, 0, 32;
    %flag_mov 8, 4;
    %jmp/0 T_2.11, 8;
    %pushi/vec4 8, 0, 4;
    %jmp/1 T_2.12, 8;
T_2.11 ; End of true expr.
    %pushi/vec4 4, 0, 4;
    %jmp/0 T_2.12, 8;
 ; End of false expr.
    %blend;
T_2.12;
    %store/vec4 v000001ea0e193c10_0, 0, 4;
    %jmp T_2.4;
T_2.3 ;
    %pushi/vec4 8, 0, 4;
    %store/vec4 v000001ea0e193c10_0, 0, 4;
    %jmp T_2.4;
T_2.4 ;
    %pop/vec4 1;
    %jmp T_2;
    .thread T_2, $push;
    .scope S_000001ea0e14ad80;
T_3 ;
    %wait E_000001ea0e199fa0;
    %load/vec4 v000001ea0e162c80_0;
    %dup/vec4;
    %pushi/vec4 1, 0, 4;
    %cmp/u;
    %jmp/1 T_3.0, 6;
    %dup/vec4;
    %pushi/vec4 2, 0, 4;
    %cmp/u;
    %jmp/1 T_3.1, 6;
    %dup/vec4;
    %pushi/vec4 4, 0, 4;
    %cmp/u;
    %jmp/1 T_3.2, 6;
    %dup/vec4;
    %pushi/vec4 8, 0, 4;
    %cmp/u;
    %jmp/1 T_3.3, 6;
    %jmp T_3.4;
T_3.0 ;
    %pushi/vec4 0, 0, 1;
    %store/vec4 v000001ea0e162dc0_0, 0, 1;
    %pushi/vec4 0, 0, 1;
    %store/vec4 v000001ea0e162e60_0, 0, 1;
    %jmp T_3.4;
T_3.1 ;
    %pushi/vec4 0, 0, 1;
    %store/vec4 v000001ea0e162dc0_0, 0, 1;
    %pushi/vec4 1, 0, 1;
    %store/vec4 v000001ea0e162e60_0, 0, 1;
    %load/vec4 v000001ea0e193d50_0;
    %addi 1, 0, 32;
    %store/vec4 v000001ea0e193d50_0, 0, 32;
    %jmp T_3.4;
T_3.2 ;
    %pushi/vec4 1, 0, 1;
    %store/vec4 v000001ea0e162dc0_0, 0, 1;
    %pushi/vec4 0, 0, 1;
    %store/vec4 v000001ea0e162e60_0, 0, 1;
    %load/vec4 v000001ea0e14af10_0;
    %addi 1, 0, 32;
    %store/vec4 v000001ea0e14af10_0, 0, 32;
    %jmp T_3.4;
T_3.3 ;
    %pushi/vec4 1, 0, 1;
    %store/vec4 v000001ea0e162dc0_0, 0, 1;
    %pushi/vec4 1, 0, 1;
    %store/vec4 v000001ea0e162e60_0, 0, 1;
    %jmp T_3.4;
T_3.4 ;
    %pop/vec4 1;
    %jmp T_3;
    .thread T_3, $push;
# The file index is used to find the file name in the following table.
:file_names 3;
    "N/A";
    "<interactive>";
    "me.v";
