#! /c/Source/iverilog-install/bin/vvp
:ivl_version "12.0 (devel)" "(s20150603-1539-g2693dd32b)";
:ivl_delay_selection "TYPICAL";
:vpi_time_precision + 0;
:vpi_module "C:\iverilog\lib\ivl\system.vpi";
:vpi_module "C:\iverilog\lib\ivl\vhdl_sys.vpi";
:vpi_module "C:\iverilog\lib\ivl\vhdl_textio.vpi";
:vpi_module "C:\iverilog\lib\ivl\v2005_math.vpi";
:vpi_module "C:\iverilog\lib\ivl\va_math.vpi";
S_0000022ed10e2ae0 .scope module, "me" "me" 2 1;
 .timescale 0 0;
    .port_info 0 /INPUT 1 "CLK";
    .port_info 1 /INPUT 1 "RESET";
    .port_info 2 /INPUT 1 "TARJETA_RECIBIDA";
    .port_info 3 /INPUT 1 "DIGITO_STB";
    .port_info 4 /INPUT 1 "TIPO_TRANS";
    .port_info 5 /INPUT 1 "MONTO_STB";
    .port_info 6 /INPUT 16 "PIN";
    .port_info 7 /INPUT 4 "DIGITO";
    .port_info 8 /INPUT 32 "MONTO";
    .port_info 9 /OUTPUT 1 "BALANCE_ACTUALIZADO";
    .port_info 10 /OUTPUT 1 "ENTREGAR_DINERO";
    .port_info 11 /OUTPUT 1 "FONDOS_INSUFICIENTES";
    .port_info 12 /OUTPUT 1 "ADVERTENCIA";
    .port_info 13 /OUTPUT 1 "BLOQUEO";
    .port_info 14 /OUTPUT 1 "PIN_INCORRECTO";
P_0000022ed10e2c70 .param/l "ESPERA" 0 2 10, C4<0000>;
P_0000022ed10e2ca8 .param/l "INTRODUCIENDO_PIN_1" 0 2 11, C4<0001>;
P_0000022ed10e2ce0 .param/l "INTRODUCIENDO_PIN_2" 0 2 12, C4<0011>;
P_0000022ed10e2d18 .param/l "INTRODUCIENDO_PIN_3" 0 2 13, C4<0010>;
P_0000022ed10e2d50 .param/l "INTRODUCIENDO_PIN_4" 0 2 14, C4<0110>;
P_0000022ed10e2d88 .param/l "PIN_INCORRECTO_1" 0 2 18, C4<1001>;
P_0000022ed10e2dc0 .param/l "PIN_INCORRECTO_2" 0 2 19, C4<1011>;
P_0000022ed10e2df8 .param/l "PIN_INCORRECTO_3" 0 2 20, C4<1010>;
P_0000022ed10e2e30 .param/l "TRANS_DEPOSITO" 0 2 17, C4<1000>;
P_0000022ed10e2e68 .param/l "TRANS_ELEGIR" 0 2 15, C4<0100>;
P_0000022ed10e2ea0 .param/l "TRANS_RETIRO" 0 2 16, C4<1100>;
v0000022ed10e2ee0_0 .var "ADVERTENCIA", 0 0;
v0000022ed10e3140_0 .var "BALANCE", 63 0;
v0000022ed11138e0_0 .var "BALANCE_ACTUALIZADO", 0 0;
v0000022ed1113980_0 .var "BLOQUEO", 0 0;
o0000022ed1129098 .functor BUFZ 1, C4<z>; HiZ drive
v0000022ed1113a20_0 .net "CLK", 0 0, o0000022ed1129098;  0 drivers
o0000022ed11290c8 .functor BUFZ 4, C4<zzzz>; HiZ drive
v0000022ed1113ac0_0 .net "DIGITO", 3 0, o0000022ed11290c8;  0 drivers
o0000022ed11290f8 .functor BUFZ 1, C4<z>; HiZ drive
v0000022ed1113b60_0 .net "DIGITO_STB", 0 0, o0000022ed11290f8;  0 drivers
v0000022ed1113c00_0 .var "ENTREGAR_DINERO", 0 0;
v0000022ed1113ca0_0 .var "ESTADO", 3 0;
v0000022ed1113d40_0 .var "FONDOS_INSUFICIENTES", 0 0;
v0000022ed1113de0_0 .var "INTENTOS", 1 0;
o0000022ed11291e8 .functor BUFZ 32, C4<zzzzzzzzzzzzzzzzzzzzzzzzzzzzzzzz>; HiZ drive
v0000022ed1113e80_0 .net "MONTO", 31 0, o0000022ed11291e8;  0 drivers
o0000022ed1129218 .functor BUFZ 1, C4<z>; HiZ drive
v0000022ed1114150_0 .net "MONTO_STB", 0 0, o0000022ed1129218;  0 drivers
o0000022ed1129248 .functor BUFZ 16, C4<zzzzzzzzzzzzzzzz>; HiZ drive
v0000022ed1114470_0 .net "PIN", 15 0, o0000022ed1129248;  0 drivers
v0000022ed1114510_0 .var "PIN_INCORRECTO", 0 0;
v0000022ed1114970_0 .var "PROX_ESTADO", 3 0;
o0000022ed11292d8 .functor BUFZ 1, C4<z>; HiZ drive
v0000022ed1114010_0 .net "RESET", 0 0, o0000022ed11292d8;  0 drivers
o0000022ed1129308 .functor BUFZ 1, C4<z>; HiZ drive
v0000022ed1114d30_0 .net "TARJETA_RECIBIDA", 0 0, o0000022ed1129308;  0 drivers
o0000022ed1129338 .functor BUFZ 1, C4<z>; HiZ drive
v0000022ed1114e70_0 .net "TIPO_TRANS", 0 0, o0000022ed1129338;  0 drivers
E_0000022ed1106eb0 .event anyedge, v0000022ed1114150_0;
E_0000022ed1107830 .event anyedge, v0000022ed1113ca0_0;
E_0000022ed1106e70/0 .event anyedge, v0000022ed1113ca0_0, v0000022ed1114d30_0, v0000022ed1113b60_0, v0000022ed1114470_0;
E_0000022ed1106e70/1 .event anyedge, v0000022ed1113ac0_0, v0000022ed1114510_0, v0000022ed10e2ee0_0, v0000022ed1114e70_0;
E_0000022ed1106e70 .event/or E_0000022ed1106e70/0, E_0000022ed1106e70/1;
E_0000022ed11071f0 .event posedge, v0000022ed1113a20_0;
    .scope S_0000022ed10e2ae0;
T_0 ;
    %pushi/vec4 696969, 0, 64;
    %store/vec4 v0000022ed10e3140_0, 0, 64;
    %end;
    .thread T_0;
    .scope S_0000022ed10e2ae0;
T_1 ;
    %wait E_0000022ed11071f0;
    %load/vec4 v0000022ed1114010_0;
    %nor/r;
    %flag_set/vec4 8;
    %jmp/0xz  T_1.0, 8;
    %pushi/vec4 0, 0, 4;
    %assign/vec4 v0000022ed1113ca0_0, 0;
    %pushi/vec4 0, 0, 1;
    %assign/vec4 v0000022ed11138e0_0, 0;
    %pushi/vec4 0, 0, 1;
    %assign/vec4 v0000022ed1113c00_0, 0;
    %pushi/vec4 0, 0, 1;
    %assign/vec4 v0000022ed1113d40_0, 0;
    %pushi/vec4 0, 0, 1;
    %assign/vec4 v0000022ed1114510_0, 0;
    %pushi/vec4 0, 0, 1;
    %assign/vec4 v0000022ed10e2ee0_0, 0;
    %pushi/vec4 0, 0, 1;
    %assign/vec4 v0000022ed1113980_0, 0;
    %pushi/vec4 3, 0, 2;
    %assign/vec4 v0000022ed1113de0_0, 0;
    %jmp T_1.1;
T_1.0 ;
    %load/vec4 v0000022ed1114970_0;
    %assign/vec4 v0000022ed1113ca0_0, 0;
T_1.1 ;
    %jmp T_1;
    .thread T_1;
    .scope S_0000022ed10e2ae0;
T_2 ;
    %wait E_0000022ed1106e70;
    %load/vec4 v0000022ed1113ca0_0;
    %dup/vec4;
    %pushi/vec4 0, 0, 4;
    %cmp/u;
    %jmp/1 T_2.0, 6;
    %dup/vec4;
    %pushi/vec4 1, 0, 4;
    %cmp/u;
    %jmp/1 T_2.1, 6;
    %dup/vec4;
    %pushi/vec4 3, 0, 4;
    %cmp/u;
    %jmp/1 T_2.2, 6;
    %dup/vec4;
    %pushi/vec4 2, 0, 4;
    %cmp/u;
    %jmp/1 T_2.3, 6;
    %dup/vec4;
    %pushi/vec4 6, 0, 4;
    %cmp/u;
    %jmp/1 T_2.4, 6;
    %dup/vec4;
    %pushi/vec4 4, 0, 4;
    %cmp/u;
    %jmp/1 T_2.5, 6;
    %dup/vec4;
    %pushi/vec4 9, 0, 4;
    %cmp/u;
    %jmp/1 T_2.6, 6;
    %dup/vec4;
    %pushi/vec4 11, 0, 4;
    %cmp/u;
    %jmp/1 T_2.7, 6;
    %dup/vec4;
    %pushi/vec4 10, 0, 4;
    %cmp/u;
    %jmp/1 T_2.8, 6;
    %jmp T_2.9;
T_2.0 ;
    %load/vec4 v0000022ed1114d30_0;
    %flag_set/vec4 8;
    %jmp/0 T_2.10, 8;
    %pushi/vec4 1, 0, 4;
    %jmp/1 T_2.11, 8;
T_2.10 ; End of true expr.
    %pushi/vec4 0, 0, 4;
    %jmp/0 T_2.11, 8;
 ; End of false expr.
    %blend;
T_2.11;
    %store/vec4 v0000022ed1114970_0, 0, 4;
    %jmp T_2.9;
T_2.1 ;
    %load/vec4 v0000022ed1113b60_0;
    %load/vec4 v0000022ed1114470_0;
    %parti/s 4, 12, 5;
    %load/vec4 v0000022ed1113ac0_0;
    %cmp/e;
    %flag_get/vec4 4;
    %concat/vec4; draw_concat_vec4
    %load/vec4 v0000022ed1114510_0;
    %concat/vec4; draw_concat_vec4
    %load/vec4 v0000022ed10e2ee0_0;
    %concat/vec4; draw_concat_vec4
    %dup/vec4;
    %pushi/vec4 12, 0, 4;
    %cmp/u;
    %jmp/1 T_2.12, 6;
    %dup/vec4;
    %pushi/vec4 14, 0, 4;
    %cmp/u;
    %jmp/1 T_2.13, 6;
    %dup/vec4;
    %pushi/vec4 15, 0, 4;
    %cmp/u;
    %jmp/1 T_2.14, 6;
    %dup/vec4;
    %pushi/vec4 8, 0, 4;
    %cmp/u;
    %jmp/1 T_2.15, 6;
    %dup/vec4;
    %pushi/vec4 10, 0, 4;
    %cmp/u;
    %jmp/1 T_2.16, 6;
    %dup/vec4;
    %pushi/vec4 11, 0, 4;
    %cmp/u;
    %jmp/1 T_2.17, 6;
    %pushi/vec4 1, 0, 4;
    %store/vec4 v0000022ed1114970_0, 0, 4;
    %jmp T_2.19;
T_2.12 ;
    %pushi/vec4 3, 0, 4;
    %store/vec4 v0000022ed1114970_0, 0, 4;
    %jmp T_2.19;
T_2.13 ;
    %pushi/vec4 3, 0, 4;
    %store/vec4 v0000022ed1114970_0, 0, 4;
    %jmp T_2.19;
T_2.14 ;
    %pushi/vec4 3, 0, 4;
    %store/vec4 v0000022ed1114970_0, 0, 4;
    %jmp T_2.19;
T_2.15 ;
    %pushi/vec4 9, 0, 4;
    %store/vec4 v0000022ed1114970_0, 0, 4;
    %jmp T_2.19;
T_2.16 ;
    %pushi/vec4 11, 0, 4;
    %store/vec4 v0000022ed1114970_0, 0, 4;
    %jmp T_2.19;
T_2.17 ;
    %pushi/vec4 10, 0, 4;
    %store/vec4 v0000022ed1114970_0, 0, 4;
    %jmp T_2.19;
T_2.19 ;
    %pop/vec4 1;
    %jmp T_2.9;
T_2.2 ;
    %load/vec4 v0000022ed1113b60_0;
    %load/vec4 v0000022ed1114470_0;
    %parti/s 4, 8, 5;
    %load/vec4 v0000022ed1113ac0_0;
    %cmp/e;
    %flag_get/vec4 4;
    %concat/vec4; draw_concat_vec4
    %load/vec4 v0000022ed1114510_0;
    %concat/vec4; draw_concat_vec4
    %load/vec4 v0000022ed10e2ee0_0;
    %concat/vec4; draw_concat_vec4
    %dup/vec4;
    %pushi/vec4 12, 0, 4;
    %cmp/u;
    %jmp/1 T_2.20, 6;
    %dup/vec4;
    %pushi/vec4 14, 0, 4;
    %cmp/u;
    %jmp/1 T_2.21, 6;
    %dup/vec4;
    %pushi/vec4 15, 0, 4;
    %cmp/u;
    %jmp/1 T_2.22, 6;
    %dup/vec4;
    %pushi/vec4 8, 0, 4;
    %cmp/u;
    %jmp/1 T_2.23, 6;
    %dup/vec4;
    %pushi/vec4 10, 0, 4;
    %cmp/u;
    %jmp/1 T_2.24, 6;
    %dup/vec4;
    %pushi/vec4 11, 0, 4;
    %cmp/u;
    %jmp/1 T_2.25, 6;
    %pushi/vec4 3, 0, 4;
    %store/vec4 v0000022ed1114970_0, 0, 4;
    %jmp T_2.27;
T_2.20 ;
    %pushi/vec4 2, 0, 4;
    %store/vec4 v0000022ed1114970_0, 0, 4;
    %jmp T_2.27;
T_2.21 ;
    %pushi/vec4 2, 0, 4;
    %store/vec4 v0000022ed1114970_0, 0, 4;
    %jmp T_2.27;
T_2.22 ;
    %pushi/vec4 2, 0, 4;
    %store/vec4 v0000022ed1114970_0, 0, 4;
    %jmp T_2.27;
T_2.23 ;
    %pushi/vec4 9, 0, 4;
    %store/vec4 v0000022ed1114970_0, 0, 4;
    %jmp T_2.27;
T_2.24 ;
    %pushi/vec4 11, 0, 4;
    %store/vec4 v0000022ed1114970_0, 0, 4;
    %jmp T_2.27;
T_2.25 ;
    %pushi/vec4 10, 0, 4;
    %store/vec4 v0000022ed1114970_0, 0, 4;
    %jmp T_2.27;
T_2.27 ;
    %pop/vec4 1;
    %jmp T_2.9;
T_2.3 ;
    %load/vec4 v0000022ed1113b60_0;
    %load/vec4 v0000022ed1114470_0;
    %parti/s 4, 4, 4;
    %load/vec4 v0000022ed1113ac0_0;
    %cmp/e;
    %flag_get/vec4 4;
    %concat/vec4; draw_concat_vec4
    %load/vec4 v0000022ed1114510_0;
    %concat/vec4; draw_concat_vec4
    %load/vec4 v0000022ed10e2ee0_0;
    %concat/vec4; draw_concat_vec4
    %dup/vec4;
    %pushi/vec4 12, 0, 4;
    %cmp/u;
    %jmp/1 T_2.28, 6;
    %dup/vec4;
    %pushi/vec4 14, 0, 4;
    %cmp/u;
    %jmp/1 T_2.29, 6;
    %dup/vec4;
    %pushi/vec4 15, 0, 4;
    %cmp/u;
    %jmp/1 T_2.30, 6;
    %dup/vec4;
    %pushi/vec4 8, 0, 4;
    %cmp/u;
    %jmp/1 T_2.31, 6;
    %dup/vec4;
    %pushi/vec4 10, 0, 4;
    %cmp/u;
    %jmp/1 T_2.32, 6;
    %dup/vec4;
    %pushi/vec4 11, 0, 4;
    %cmp/u;
    %jmp/1 T_2.33, 6;
    %pushi/vec4 2, 0, 4;
    %store/vec4 v0000022ed1114970_0, 0, 4;
    %jmp T_2.35;
T_2.28 ;
    %pushi/vec4 6, 0, 4;
    %store/vec4 v0000022ed1114970_0, 0, 4;
    %jmp T_2.35;
T_2.29 ;
    %pushi/vec4 6, 0, 4;
    %store/vec4 v0000022ed1114970_0, 0, 4;
    %jmp T_2.35;
T_2.30 ;
    %pushi/vec4 6, 0, 4;
    %store/vec4 v0000022ed1114970_0, 0, 4;
    %jmp T_2.35;
T_2.31 ;
    %pushi/vec4 9, 0, 4;
    %store/vec4 v0000022ed1114970_0, 0, 4;
    %jmp T_2.35;
T_2.32 ;
    %pushi/vec4 11, 0, 4;
    %store/vec4 v0000022ed1114970_0, 0, 4;
    %jmp T_2.35;
T_2.33 ;
    %pushi/vec4 10, 0, 4;
    %store/vec4 v0000022ed1114970_0, 0, 4;
    %jmp T_2.35;
T_2.35 ;
    %pop/vec4 1;
    %jmp T_2.9;
T_2.4 ;
    %load/vec4 v0000022ed1113b60_0;
    %load/vec4 v0000022ed1114470_0;
    %parti/s 4, 0, 2;
    %load/vec4 v0000022ed1113ac0_0;
    %cmp/e;
    %flag_get/vec4 4;
    %concat/vec4; draw_concat_vec4
    %load/vec4 v0000022ed1114510_0;
    %concat/vec4; draw_concat_vec4
    %load/vec4 v0000022ed10e2ee0_0;
    %concat/vec4; draw_concat_vec4
    %dup/vec4;
    %pushi/vec4 12, 0, 4;
    %cmp/u;
    %jmp/1 T_2.36, 6;
    %dup/vec4;
    %pushi/vec4 14, 0, 4;
    %cmp/u;
    %jmp/1 T_2.37, 6;
    %dup/vec4;
    %pushi/vec4 15, 0, 4;
    %cmp/u;
    %jmp/1 T_2.38, 6;
    %dup/vec4;
    %pushi/vec4 8, 0, 4;
    %cmp/u;
    %jmp/1 T_2.39, 6;
    %dup/vec4;
    %pushi/vec4 10, 0, 4;
    %cmp/u;
    %jmp/1 T_2.40, 6;
    %dup/vec4;
    %pushi/vec4 11, 0, 4;
    %cmp/u;
    %jmp/1 T_2.41, 6;
    %pushi/vec4 6, 0, 4;
    %store/vec4 v0000022ed1114970_0, 0, 4;
    %jmp T_2.43;
T_2.36 ;
    %pushi/vec4 4, 0, 4;
    %store/vec4 v0000022ed1114970_0, 0, 4;
    %jmp T_2.43;
T_2.37 ;
    %pushi/vec4 4, 0, 4;
    %store/vec4 v0000022ed1114970_0, 0, 4;
    %jmp T_2.43;
T_2.38 ;
    %pushi/vec4 4, 0, 4;
    %store/vec4 v0000022ed1114970_0, 0, 4;
    %jmp T_2.43;
T_2.39 ;
    %pushi/vec4 9, 0, 4;
    %store/vec4 v0000022ed1114970_0, 0, 4;
    %jmp T_2.43;
T_2.40 ;
    %pushi/vec4 11, 0, 4;
    %store/vec4 v0000022ed1114970_0, 0, 4;
    %jmp T_2.43;
T_2.41 ;
    %pushi/vec4 10, 0, 4;
    %store/vec4 v0000022ed1114970_0, 0, 4;
    %jmp T_2.43;
T_2.43 ;
    %pop/vec4 1;
    %jmp T_2.9;
T_2.5 ;
    %load/vec4 v0000022ed1114e70_0;
    %dup/vec4;
    %pushi/vec4 0, 0, 1;
    %cmp/u;
    %jmp/1 T_2.44, 6;
    %dup/vec4;
    %pushi/vec4 1, 0, 1;
    %cmp/u;
    %jmp/1 T_2.45, 6;
    %pushi/vec4 4, 0, 4;
    %store/vec4 v0000022ed1114970_0, 0, 4;
    %jmp T_2.47;
T_2.44 ;
    %pushi/vec4 8, 0, 4;
    %store/vec4 v0000022ed1114970_0, 0, 4;
    %jmp T_2.47;
T_2.45 ;
    %pushi/vec4 12, 0, 4;
    %store/vec4 v0000022ed1114970_0, 0, 4;
    %jmp T_2.47;
T_2.47 ;
    %pop/vec4 1;
    %jmp T_2.9;
T_2.6 ;
    %pushi/vec4 1, 0, 4;
    %store/vec4 v0000022ed1114970_0, 0, 4;
    %jmp T_2.9;
T_2.7 ;
    %pushi/vec4 1, 0, 4;
    %store/vec4 v0000022ed1114970_0, 0, 4;
    %jmp T_2.9;
T_2.8 ;
    %pushi/vec4 0, 0, 4;
    %store/vec4 v0000022ed1114970_0, 0, 4;
    %jmp T_2.9;
T_2.9 ;
    %pop/vec4 1;
    %jmp T_2;
    .thread T_2, $push;
    .scope S_0000022ed10e2ae0;
T_3 ;
    %wait E_0000022ed1107830;
    %load/vec4 v0000022ed1113ca0_0;
    %dup/vec4;
    %pushi/vec4 9, 0, 4;
    %cmp/u;
    %jmp/1 T_3.0, 6;
    %dup/vec4;
    %pushi/vec4 11, 0, 4;
    %cmp/u;
    %jmp/1 T_3.1, 6;
    %dup/vec4;
    %pushi/vec4 10, 0, 4;
    %cmp/u;
    %jmp/1 T_3.2, 6;
    %dup/vec4;
    %pushi/vec4 8, 0, 4;
    %cmp/u;
    %jmp/1 T_3.3, 6;
    %dup/vec4;
    %pushi/vec4 12, 0, 4;
    %cmp/u;
    %jmp/1 T_3.4, 6;
    %jmp T_3.5;
T_3.0 ;
    %pushi/vec4 1, 0, 1;
    %store/vec4 v0000022ed1114510_0, 0, 1;
    %jmp T_3.5;
T_3.1 ;
    %pushi/vec4 1, 0, 1;
    %store/vec4 v0000022ed10e2ee0_0, 0, 1;
    %jmp T_3.5;
T_3.2 ;
    %pushi/vec4 1, 0, 1;
    %store/vec4 v0000022ed1113980_0, 0, 1;
    %jmp T_3.5;
T_3.3 ;
    %pushi/vec4 1, 0, 1;
    %store/vec4 v0000022ed11138e0_0, 0, 1;
    %jmp T_3.5;
T_3.4 ;
    %pushi/vec4 1, 0, 1;
    %store/vec4 v0000022ed11138e0_0, 0, 1;
    %jmp T_3.5;
T_3.5 ;
    %pop/vec4 1;
    %jmp T_3;
    .thread T_3, $push;
    .scope S_0000022ed10e2ae0;
T_4 ;
    %wait E_0000022ed1106eb0;
    %load/vec4 v0000022ed1113ca0_0;
    %cmpi/e 8, 0, 4;
    %jmp/0xz  T_4.0, 4;
    %load/vec4 v0000022ed10e3140_0;
    %load/vec4 v0000022ed1113e80_0;
    %pad/u 64;
    %add;
    %store/vec4 v0000022ed10e3140_0, 0, 64;
    %pushi/vec4 1, 0, 1;
    %store/vec4 v0000022ed11138e0_0, 0, 1;
    %jmp T_4.1;
T_4.0 ;
    %load/vec4 v0000022ed1113ca0_0;
    %cmpi/e 12, 0, 4;
    %jmp/0xz  T_4.2, 4;
    %load/vec4 v0000022ed10e3140_0;
    %load/vec4 v0000022ed1113e80_0;
    %pad/u 64;
    %sub;
    %store/vec4 v0000022ed10e3140_0, 0, 64;
    %pushi/vec4 1, 0, 1;
    %store/vec4 v0000022ed11138e0_0, 0, 1;
T_4.2 ;
T_4.1 ;
    %jmp T_4;
    .thread T_4, $push;
# The file index is used to find the file name in the following table.
:file_names 3;
    "N/A";
    "<interactive>";
    "me.v";
