#! /c/Source/iverilog-install/bin/vvp
:ivl_version "12.0 (devel)" "(s20150603-1539-g2693dd32b)";
:ivl_delay_selection "TYPICAL";
:vpi_time_precision + 0;
:vpi_module "C:\iverilog\lib\ivl\system.vpi";
:vpi_module "C:\iverilog\lib\ivl\vhdl_sys.vpi";
:vpi_module "C:\iverilog\lib\ivl\vhdl_textio.vpi";
:vpi_module "C:\iverilog\lib\ivl\v2005_math.vpi";
:vpi_module "C:\iverilog\lib\ivl\va_math.vpi";
S_000001753a0bdcf0 .scope module, "testi" "testi" 2 40;
 .timescale 0 0;
v000001753a350200_0 .var "CKP", 0 0;
v000001753a34f940_0 .var "CLK", 0 0;
v000001753a34fe40_0 .var "CPH", 0 0;
v000001753a34fa80_0 .net "CS", 0 0, L_000001753a350160;  1 drivers
v000001753a3500c0_0 .var "MISO", 0 0;
o000001753a30b128 .functor BUFZ 1, C4<z>; HiZ drive
v000001753a3505c0_0 .net "MOSI", 0 0, o000001753a30b128;  0 drivers
v000001753a34fee0_0 .var "RESET", 0 0;
v000001753a34ff80_0 .net "SCK", 0 0, L_000001753a3502a0;  1 drivers
S_000001753a0bde80 .scope module, "DUT" "TX" 2 55, 2 1 0, S_000001753a0bdcf0;
 .timescale 0 0;
    .port_info 0 /INPUT 1 "CKP";
    .port_info 1 /INPUT 1 "CPH";
    .port_info 2 /INPUT 1 "CLK";
    .port_info 3 /INPUT 1 "RESET";
    .port_info 4 /INPUT 1 "MISO";
    .port_info 5 /INPUT 1 "ENB";
    .port_info 6 /OUTPUT 1 "SCK";
    .port_info 7 /OUTPUT 1 "CS";
    .port_info 8 /OUTPUT 1 "MOSI";
v000001753a0be010_0 .net "CKP", 0 0, v000001753a350200_0;  1 drivers
v000001753a2d2ee0_0 .net "CLK", 0 0, v000001753a34f940_0;  1 drivers
v000001753a0be0b0_0 .var "CONTADOR", 1 0;
v000001753a304180_0 .net "CPH", 0 0, v000001753a34fe40_0;  1 drivers
v000001753a304220_0 .net "CS", 0 0, L_000001753a350160;  alias, 1 drivers
o000001753a30b0c8 .functor BUFZ 1, C4<z>; HiZ drive
v000001753a3042c0_0 .net "ENB", 0 0, o000001753a30b0c8;  0 drivers
v000001753a304360_0 .net "MISO", 0 0, v000001753a3500c0_0;  1 drivers
v000001753a304400_0 .net "MOSI", 0 0, o000001753a30b128;  alias, 0 drivers
v000001753a34fc60_0 .var "REGISTRO", 7 0;
v000001753a34fb20_0 .net "RESET", 0 0, v000001753a34fee0_0;  1 drivers
v000001753a34fd00_0 .net "SCK", 0 0, L_000001753a3502a0;  alias, 1 drivers
v000001753a34f9e0_0 .net *"_ivl_10", 0 0, L_000001753a350340;  1 drivers
v000001753a350660_0 .net *"_ivl_3", 0 0, L_000001753a34fda0;  1 drivers
v000001753a350520_0 .net *"_ivl_5", 0 0, L_000001753a34fbc0;  1 drivers
L_000001753a350868 .functor BUFT 1, C4<1>, C4<0>, C4<0>, C4<0>;
v000001753a34f8a0_0 .net/2u *"_ivl_6", 0 0, L_000001753a350868;  1 drivers
L_000001753a3508b0 .functor BUFT 1, C4<0>, C4<0>, C4<0>, C4<0>;
v000001753a350020_0 .net/2u *"_ivl_8", 0 0, L_000001753a3508b0;  1 drivers
E_000001753a308f10 .event anyedge, v000001753a3042c0_0, v000001753a0be010_0, v000001753a304180_0;
E_000001753a309450 .event posedge, v000001753a2d2ee0_0;
L_000001753a350160 .reduce/nor o000001753a30b0c8;
L_000001753a34fda0 .reduce/nor L_000001753a350160;
L_000001753a34fbc0 .part v000001753a0be0b0_0, 1, 1;
L_000001753a350340 .functor MUXZ 1, L_000001753a3508b0, L_000001753a350868, v000001753a350200_0, C4<>;
L_000001753a3502a0 .functor MUXZ 1, L_000001753a350340, L_000001753a34fbc0, L_000001753a34fda0, C4<>;
    .scope S_000001753a0bde80;
T_0 ;
    %pushi/vec4 101, 0, 8;
    %store/vec4 v000001753a34fc60_0, 0, 8;
    %end;
    .thread T_0;
    .scope S_000001753a0bde80;
T_1 ;
    %wait E_000001753a309450;
    %load/vec4 v000001753a0be0b0_0;
    %cmpi/e 3, 0, 2;
    %jmp/0xz  T_1.0, 4;
    %pushi/vec4 0, 0, 2;
    %assign/vec4 v000001753a0be0b0_0, 0;
    %jmp T_1.1;
T_1.0 ;
    %load/vec4 v000001753a0be0b0_0;
    %addi 1, 0, 2;
    %assign/vec4 v000001753a0be0b0_0, 0;
T_1.1 ;
    %jmp T_1;
    .thread T_1;
    .scope S_000001753a0bde80;
T_2 ;
    %wait E_000001753a308f10;
    %load/vec4 v000001753a3042c0_0;
    %nor/r;
    %flag_set/vec4 8;
    %jmp/0xz  T_2.0, 8;
    %load/vec4 v000001753a0be010_0;
    %load/vec4 v000001753a304180_0;
    %concat/vec4; draw_concat_vec4
    %dup/vec4;
    %pushi/vec4 0, 0, 2;
    %cmp/u;
    %jmp/1 T_2.2, 6;
    %dup/vec4;
    %pushi/vec4 1, 0, 2;
    %cmp/u;
    %jmp/1 T_2.3, 6;
    %dup/vec4;
    %pushi/vec4 2, 0, 2;
    %cmp/u;
    %jmp/1 T_2.4, 6;
    %dup/vec4;
    %pushi/vec4 3, 0, 2;
    %cmp/u;
    %jmp/1 T_2.5, 6;
    %jmp T_2.6;
T_2.2 ;
    %jmp T_2.6;
T_2.3 ;
    %jmp T_2.6;
T_2.4 ;
    %jmp T_2.6;
T_2.5 ;
    %jmp T_2.6;
T_2.6 ;
    %pop/vec4 1;
T_2.0 ;
    %jmp T_2;
    .thread T_2, $push;
    .scope S_000001753a0bdcf0;
T_3 ;
    %vpi_call 2 46 "$dumpfile", "resultados.vcd" {0 0 0};
    %vpi_call 2 47 "$dumpvars", 32'sb11111111111111111111111111111111, S_000001753a0bdcf0 {0 0 0};
    %pushi/vec4 0, 0, 1;
    %store/vec4 v000001753a34f940_0, 0, 1;
    %delay 100, 0;
    %vpi_call 2 50 "$finish" {0 0 0};
    %end;
    .thread T_3;
    .scope S_000001753a0bdcf0;
T_4 ;
    %delay 5, 0;
    %load/vec4 v000001753a34f940_0;
    %nor/r;
    %store/vec4 v000001753a34f940_0, 0, 1;
    %jmp T_4;
    .thread T_4;
# The file index is used to find the file name in the following table.
:file_names 3;
    "N/A";
    "<interactive>";
    "testi.v";
